<?xml version="1.0" encoding="UTF-8"?>
<!-- Generated by org.testng.reporters.JUnitReportReporter -->
<testsuite hostname="DESKTOP-5ADPP5F" failures="0" tests="1" name="TestCaseA.ClickOnLoginB" time="9.402" errors="0" timestamp="2022-11-22T10:26:25 IST" skipped="0">
  <testcase classname="TestCaseA.ClickOnLoginB" name="Test1" time="9.402"/>
  <system-out/>
</testsuite> <!-- TestCaseA.ClickOnLoginB -->
